time=2024-09-30T13:53:11.207+05:00 level=ERROR msg="error when referring to getbyid in another service: rpc error: code = Unavailable desc = connection error: desc = \"transport: Error while dialing: dial tcp [::1]:9999: connectex: No connection could be made because the target machine actively refused it.\""
time=2024-09-30T13:53:11.208+05:00 level=ERROR msg="Review ni create qilishda service qismida xatolik: rpc error: code = Unavailable desc = connection error: desc = \"transport: Error while dialing: dial tcp [::1]:9999: connectex: No connection could be made because the target machine actively refused it.\""
time=2024-09-30T13:57:54.909+05:00 level=ERROR msg="Error getting all review data: pq: column \"deleted_at\" does not exist"
time=2024-09-30T13:57:54.909+05:00 level=ERROR msg="Review ni get all qilishda xatolik: pq: column \"deleted_at\" does not exist"
time=2024-09-30T13:58:08.776+05:00 level=ERROR msg="Error getting all review data: pq: column \"deleted_at\" does not exist"
time=2024-09-30T13:58:08.776+05:00 level=ERROR msg="Review ni get all qilishda xatolik: pq: column \"deleted_at\" does not exist"
time=2024-09-30T14:07:39.395+05:00 level=ERROR msg="Error deleting reference by id: pq: got 1 parameters but the statement requires 2"
time=2024-09-30T14:07:39.396+05:00 level=ERROR msg="Review ni delete qilishda xatolik: pq: got 1 parameters but the statement requires 2"
time=2024-09-30T14:07:58.896+05:00 level=ERROR msg="Error deleting reference by id: pq: got 1 parameters but the statement requires 2"
time=2024-09-30T14:07:58.896+05:00 level=ERROR msg="Review ni delete qilishda xatolik: pq: got 1 parameters but the statement requires 2"
time=2024-09-30T14:10:09.663+05:00 level=ERROR msg="Error getting all review data: pq: OFFSET must not be negative"
time=2024-09-30T14:10:09.664+05:00 level=ERROR msg="Review ni get all qilishda xatolik: pq: OFFSET must not be negative"
time=2024-09-30T14:12:22.541+05:00 level=ERROR msg="Error getting all favorite data: pq: LIMIT must not be negative"
time=2024-09-30T14:12:22.541+05:00 level=ERROR msg="Favorite ni barcha malumotlarini olishda service qismida xatolik: pq: LIMIT must not be negative"
time=2024-10-05T17:20:01.935+05:00 level=ERROR msg="failed to create notification" error="pq: relation \"notifications\" does not exist"
time=2024-10-05T17:20:01.936+05:00 level=ERROR msg="failed to create notification" error="pq: relation \"notifications\" does not exist"
time=2024-10-05T17:22:35.376+05:00 level=INFO msg="Create report" email=string request="property_id:\"string\" user_id:\"string\" email:\"string\" problem:\"string\" description:\"string\""
time=2024-10-05T17:22:35.379+05:00 level=ERROR msg="failed to create report" error="pq: invalid input syntax for type uuid: \"string\""
time=2024-10-05T17:22:35.379+05:00 level=ERROR msg="failed to create report" error="pq: invalid input syntax for type uuid: \"string\""
time=2024-10-05T17:23:11.959+05:00 level=INFO msg="Create report" email=string request="property_id:\"aea9ae38-20c3-4c82-b5f8-3ea9882a42b0\" user_id:\"string\" email:\"string\" problem:\"string\" description:\"string\""
time=2024-10-05T17:23:11.961+05:00 level=ERROR msg="failed to create report" error="pq: invalid input syntax for type uuid: \"string\""
time=2024-10-05T17:23:11.961+05:00 level=ERROR msg="failed to create report" error="pq: invalid input syntax for type uuid: \"string\""
time=2024-10-05T17:24:27.683+05:00 level=INFO msg="Create report" email=string request="property_id:\"aea9ae38-20c3-4c82-b5f8-3ea9882a42b0\" user_id:\"aedfd605-0556-43d1-ade9-21420779577f\" email:\"string\" problem:\"string\" description:\"string\""
time=2024-10-05T17:26:37.481+05:00 level=ERROR msg="Error generating review data: pq: relation \"reviews\" does not exist"
time=2024-10-05T17:26:37.481+05:00 level=ERROR msg="Review ni create qilishda service qismida xatolik: pq: relation \"reviews\" does not exist"
time=2024-10-05T17:42:51.800+05:00 level=INFO msg="Create request" request="user_id:\"aedfd605-0556-43d1-ade9-21420779577f\" email:\"string\" roommate_count:30 phone_number:\"string\""
time=2024-10-05T17:42:51.802+05:00 level=ERROR msg="failed to create request" error="sql: converting argument $3 type: unsupported type []string, a slice of string"
time=2024-10-05T17:42:51.802+05:00 level=ERROR msg="failed to create request" error="sql: converting argument $3 type: unsupported type []string, a slice of string"
time=2024-10-05T17:51:25.619+05:00 level=INFO msg="Create request" request="user_id:\"aedfd605-0556-43d1-ade9-21420779577f\" email:\"string\" roommate_count:30 phone_number:\"string\""
